	Wirby loaded	Language	de	Wirby loaded	Language	de	Wirby loaded	Language	de	Wirby loaded	Language	de	Wirby loaded	Language	de	Wirby loaded	Language	de	Wirby loaded	Language	de	Wirby loaded	Language	de	Wirby loaded	Language	de	Wirby loaded	Language	de	Wirby loaded	Language	de	Wirby loaded	Language	de	Wirby loaded	Language	de	Wirby loaded	Language	de	Wirby loaded	Language	de	Wirby loaded	Language	de2013-08-08 07:46:28	Wirby loaded
2013-08-08 07:46:28	Language	de
2013-08-08 07:46:28	Wirby loaded
2013-08-08 07:46:28	Language	de
2013-08-08 07:47:13	Wirby loaded
2013-08-08 07:47:13	Language	de
2013-08-08 07:47:17	Wirby loaded
2013-08-08 07:47:17	Language	de
2013-08-08 07:47:18	Wirby loaded
2013-08-08 07:47:18	Language	de
2013-08-08 07:47:19	Wirby loaded
2013-08-08 07:47:19	Language	de
2013-08-08 07:47:38	Wirby loaded
2013-08-08 07:47:38	Language	de
2013-08-08 07:47:40	Wirby loaded
2013-08-08 07:47:40	Language	de
2013-08-08 07:47:41	Wirby loaded
2013-08-08 07:47:41	Language	de
2013-08-08 07:47:41	Wirby loaded
2013-08-08 07:47:41	Language	de
2013-08-08 07:47:47	Wirby loaded
2013-08-08 07:47:47	Language	de
2013-08-08 07:47:48	Wirby loaded
2013-08-08 07:47:48	Language	de
2013-08-08 07:47:49	Wirby loaded
2013-08-08 07:47:49	Language	de
2013-08-08 07:47:49	Wirby loaded
2013-08-08 07:47:49	Language	de
2013-08-08 07:47:51	Wirby loaded
2013-08-08 07:47:51	Language	de
2013-08-08 07:47:52	Wirby loaded
2013-08-08 07:47:52	Language	de
2013-08-08 07:47:53	Wirby loaded
2013-08-08 07:47:53	Language	de
2013-08-08 07:47:53	Wirby loaded
2013-08-08 07:47:53	Language	de
2013-08-08 07:47:59	Wirby loaded
2013-08-08 07:47:59	Language	de
2013-08-08 07:48:00	Wirby loaded
2013-08-08 07:48:00	Language	de
2013-08-08 07:48:00	Wirby loaded
2013-08-08 07:48:00	Language	de
2013-08-08 07:48:01	Wirby loaded
2013-08-08 07:48:01	Language	de
2013-08-08 08:35:34	Wirby loaded
2013-08-08 08:35:34	Language	de
2013-08-08 08:35:37	Wirby loaded
2013-08-08 08:35:37	Language	de
2013-08-08 08:35:38	Wirby loaded
2013-08-08 08:35:38	Language	de
2013-08-08 08:35:39	Wirby loaded
2013-08-08 08:35:39	Language	de
2013-08-08 08:35:53	Wirby loaded
2013-08-08 08:35:53	Language	de
2013-08-08 08:35:53	Wirby loaded
2013-08-08 08:35:53	Language	de
2013-08-08 08:37:22	Wirby loaded
2013-08-08 08:37:22	Language	de
2013-08-08 08:37:22	Wirby loaded
2013-08-08 08:37:22	Language	de
2013-08-08 08:38:39	Wirby loaded
2013-08-08 08:38:39	Language	de
2013-08-08 08:38:40	Wirby loaded
2013-08-08 08:38:40	Language	de
2013-08-08 08:41:19	Wirby loaded
2013-08-08 08:41:19	Language	de
2013-08-08 08:41:19	Wirby loaded
2013-08-08 08:41:19	Language	de
2013-08-08 08:41:21	Wirby loaded
2013-08-08 08:41:21	Language	de
2013-08-08 08:41:23	Wirby loaded
2013-08-08 08:41:23	Language	de
2013-08-08 08:41:23	Wirby loaded
2013-08-08 08:41:23	Language	de
2013-08-08 08:41:24	Wirby loaded
2013-08-08 08:41:24	Language	de
2013-08-08 08:41:54	Wirby loaded
2013-08-08 08:41:54	Language	de
2013-08-08 08:41:58	Wirby loaded
2013-08-08 08:41:58	Language	de
2013-08-08 08:41:58	Wirby loaded
2013-08-08 08:41:58	Language	de
2013-08-08 08:41:59	Wirby loaded
2013-08-08 08:41:59	Language	de
2013-08-08 08:42:37	Wirby loaded
2013-08-08 08:42:37	Language	de
2013-08-08 08:42:40	Wirby loaded
2013-08-08 08:42:40	Language	de
2013-08-08 08:42:40	Wirby loaded
2013-08-08 08:42:40	Language	de
2013-08-08 08:42:41	Wirby loaded
2013-08-08 08:42:41	Language	de
2013-08-08 08:43:17	Wirby loaded
2013-08-08 08:43:17	Language	de
2013-08-08 08:43:19	Wirby loaded
2013-08-08 08:43:19	Language	de
2013-08-08 08:43:19	Wirby loaded
2013-08-08 08:43:19	Language	de
2013-08-08 08:43:20	Wirby loaded
2013-08-08 08:43:20	Language	de
2013-08-08 08:43:21	Wirby loaded
2013-08-08 08:43:21	Language	de
2013-08-08 08:43:22	Wirby loaded
2013-08-08 08:43:22	Language	de
2013-08-08 08:43:22	Wirby loaded
2013-08-08 08:43:22	Language	de
2013-08-08 08:43:23	Wirby loaded
2013-08-08 08:43:23	Language	de
2013-08-08 08:43:49	Wirby loaded
2013-08-08 08:43:49	Language	de
2013-08-08 08:43:51	Wirby loaded
2013-08-08 08:43:51	Language	de
2013-08-08 08:43:51	Wirby loaded
2013-08-08 08:43:51	Language	de
2013-08-08 08:43:52	Wirby loaded
2013-08-08 08:43:52	Language	de
2013-08-08 08:44:46	Wirby loaded
2013-08-08 08:44:46	Language	de
2013-08-08 08:44:49	Wirby loaded
2013-08-08 08:44:49	Language	de
2013-08-08 08:44:49	Wirby loaded
2013-08-08 08:44:49	Language	de
2013-08-08 08:44:50	Wirby loaded
2013-08-08 08:44:50	Language	de
2013-08-08 08:46:04	Wirby loaded
2013-08-08 08:46:04	Language	de
2013-08-08 08:54:42	Wirby loaded
2013-08-08 08:54:42	Language	de
2013-08-08 08:57:06	Wirby loaded
2013-08-08 08:57:06	Language	de
2013-08-08 08:58:07	Wirby loaded
2013-08-08 08:58:07	Language	de
2013-08-08 09:01:17	Wirby loaded
2013-08-08 09:01:17	Language	de
2013-08-08 09:01:31	Wirby loaded
2013-08-08 09:01:31	Language	de
2013-08-08 09:03:55	Wirby loaded
2013-08-08 09:03:55	Language	de
2013-08-08 09:03:55	Mail send
2013-08-08 09:03:55	
2013-08-08 09:03:55	Mail sent
2013-08-08 09:05:00	Wirby loaded
2013-08-08 09:05:00	Language	de
2013-08-08 09:05:01	Mail send
2013-08-08 09:05:01	fehlgeschlagen
2013-08-08 09:05:01	Mail sent
2013-08-08 09:08:36	Wirby loaded
2013-08-08 09:08:36	Language	de
2013-08-08 09:08:36	Mail send
2013-08-08 09:08:37	Mail not sent
2013-08-08 09:16:37	Wirby loaded
2013-08-08 09:16:37	Language	de
2013-08-08 09:16:37	Mail send
2013-08-08 09:16:38	Mail not sent
2013-08-08 09:17:08	Wirby loaded
2013-08-08 09:17:08	Language	de
2013-08-08 09:17:09	Mail send
2013-08-08 09:17:09	Mail not sent
2013-08-08 09:18:27	Wirby loaded
2013-08-08 09:18:27	Language	de
2013-08-08 09:18:27	Mail send
2013-08-08 09:18:29	Mail not sent
2013-08-08 09:19:01	Wirby loaded
2013-08-08 09:19:01	Language	de
2013-08-08 09:19:01	Mail send
2013-08-08 09:19:03	Mail sent
2013-08-08 09:19:23	Wirby loaded
2013-08-08 09:19:23	Language	de
2013-08-08 09:19:23	Mail send
2013-08-08 09:19:25	Mail sent
